<?xml version="1.0" encoding="UTF-8"?>
<testsuites name="New Test Suite" time="9.871" tests="1" failures="0" errors="0">
   <testsuite name="New Test Suite" tests="1" failures="0" errors="0" time="9.871" skipped="0" timestamp="2566-08-25 14:05:01" hostname="USER - DESKTOP-67R9BDO" id="Test Suites/New Test Suite">
      <properties>
         <property name="deviceName" value=""/>
         <property name="devicePlatform" value=""/>
         <property name="logFolder" value="C:\\Users\\USER\\git\\katalonGitfreeProject\\Reports\\25660825_140449\\New Test Suite\\25660825_140449"/>
         <property name="logFiles" value="C:\\Users\\USER\\git\\katalonGitfreeProject\\Reports\\25660825_140449\\New Test Suite\\25660825_140449\\execution0.log"/>
         <property name="attachments" value=""/>
         <property name="hostName" value="USER - DESKTOP-67R9BDO"/>
         <property name="os" value="Windows 11 64bit"/>
         <property name="katalonVersion" value="8.6.6.208"/>
         <property name="browser" value="Chrome 116.0.0.0"/>
         <property name="hostAddress" value="172.20.10.12"/>
         <property name="sessionId" value="0b61c3ee4743edc0d67ac2681aa13de2"/>
         <property name="seleniumVersion" value="3.141.59"/>
         <property name="proxyInformation" value="ProxyInformation { proxyOption=NO_PROXY, proxyServerType=HTTP, username=, password=********, proxyServerAddress=, proxyServerPort=0, executionList=&quot;&quot;, isApplyToDesiredCapabilities=true }"/>
         <property name="platform" value="Windows 11"/>
      </properties>
      <testcase name="Test Cases/TEST GIT" time="9.236" classname="Test Cases/TEST GIT" status="PASSED">
         <system-out><![CDATA[2566-08-25 14:05:02 - [TEST_CASE][PASSED] - Test Cases/TEST GIT: Test Cases/TEST GIT

2566-08-25 14:05:02 - [TEST_STEP][PASSED] - openBrowser("https://katalon-demo-cura.herokuapp.com/"): Browser is opened with url: 'https://katalon-demo-cura.herokuapp.com/'

2566-08-25 14:05:03 - [MESSAGE][INFO] - Starting 'Chrome' driver

2566-08-25 14:05:03 - [MESSAGE][INFO] - Action delay is set to 0 milliseconds

2566-08-25 14:05:11 - [MESSAGE][PASSED] - Browser is opened with url: 'https://katalon-demo-cura.herokuapp.com/']]></system-out>
         <system-err><![CDATA[]]></system-err>
      </testcase>
      <system-out><![CDATA[2566-08-25 14:05:01 - [TEST_SUITE][PASSED] - New Test Suite: Test Cases/TEST GIT]]></system-out>
      <system-err><![CDATA[]]></system-err>
   </testsuite>
</testsuites>
