<?xml version="1.0" encoding="UTF-8"?>
<testsuites name="Test Suite(run)" time="18.553" tests="1" failures="0" errors="0">
   <testsuite name="Test Suite(run)" tests="1" failures="0" errors="0" time="18.553" skipped="0" timestamp="2566-08-25 15:10:37" hostname="USER - DESKTOP-67R9BDO" id="Test Suites/Test Suite(run)">
      <properties>
         <property name="deviceName" value=""/>
         <property name="devicePlatform" value=""/>
         <property name="logFolder" value="C:\\Users\\USER\\git\\katalonGitfreeProject\\Reports\\25660825_151034\\Test Suite(run)\\25660825_151034"/>
         <property name="logFiles" value="C:\\Users\\USER\\git\\katalonGitfreeProject\\Reports\\25660825_151034\\Test Suite(run)\\25660825_151034\\execution0.log"/>
         <property name="attachments" value=""/>
         <property name="hostName" value="USER - DESKTOP-67R9BDO"/>
         <property name="os" value="Windows 11 64bit"/>
         <property name="katalonVersion" value="8.6.6.208"/>
         <property name="browser" value="Chrome 116.0.0.0"/>
         <property name="hostAddress" value="172.20.10.12"/>
         <property name="sessionId" value="65f07461e0dae0618b232f38f67bc88e"/>
         <property name="seleniumVersion" value="3.141.59"/>
         <property name="proxyInformation" value="ProxyInformation { proxyOption=NO_PROXY, proxyServerType=HTTP, username=, password=********, proxyServerAddress=, proxyServerPort=0, executionList=&quot;&quot;, isApplyToDesiredCapabilities=true }"/>
         <property name="platform" value="Windows 11"/>
      </properties>
      <testcase name="Test Cases/TEST GIT" time="18.272" classname="Test Cases/TEST GIT" status="PASSED">
         <system-out><![CDATA[2566-08-25 15:10:37 - [TEST_CASE][PASSED] - Test Cases/TEST GIT: Test Cases/TEST GIT

2566-08-25 15:10:38 - [TEST_STEP][PASSED] - openBrowser("https://katalon-demo-cura.herokuapp.com/"): Browser is opened with url: 'https://katalon-demo-cura.herokuapp.com/'

2566-08-25 15:10:38 - [MESSAGE][INFO] - Starting 'Chrome' driver

2566-08-25 15:10:38 - [MESSAGE][INFO] - Action delay is set to 0 milliseconds

2566-08-25 15:10:44 - [MESSAGE][PASSED] - Browser is opened with url: 'https://katalon-demo-cura.herokuapp.com/'

2566-08-25 15:10:44 - [TEST_STEP][PASSED] - openBrowser("https://katalon-demo-cura.herokuapp.com/"): Browser is opened with url: 'https://katalon-demo-cura.herokuapp.com/'

2566-08-25 15:10:44 - [MESSAGE][WARNING] - A browser is already opened. Closing browser and opening a new one

2566-08-25 15:10:45 - [MESSAGE][INFO] - Starting 'Chrome' driver

2566-08-25 15:10:45 - [MESSAGE][INFO] - Action delay is set to 0 milliseconds

2566-08-25 15:10:49 - [MESSAGE][PASSED] - Browser is opened with url: 'https://katalon-demo-cura.herokuapp.com/'

2566-08-25 15:10:49 - [TEST_STEP][PASSED] - openBrowser(""): Browser is opened with url: ''

2566-08-25 15:10:49 - [MESSAGE][WARNING] - A browser is already opened. Closing browser and opening a new one

2566-08-25 15:10:50 - [MESSAGE][INFO] - Starting 'Chrome' driver

2566-08-25 15:10:50 - [MESSAGE][INFO] - Action delay is set to 0 milliseconds

2566-08-25 15:10:51 - [MESSAGE][PASSED] - Browser is opened with url: ''

2566-08-25 15:10:51 - [TEST_STEP][PASSED] - navigateToUrl("https://katalon-demo-cura.herokuapp.com/"): Navigate to 'https://katalon-demo-cura.herokuapp.com/' successfully

2566-08-25 15:10:54 - [MESSAGE][PASSED] - Navigate to 'https://katalon-demo-cura.herokuapp.com/' successfully

2566-08-25 15:10:54 - [TEST_STEP][PASSED] - click(findTestObject("Object Repository/Page_CURA Healthcare Service/i_CURA Healthcare_fa fa-bars")): Object: 'Object Repository/Page_CURA Healthcare Service/i_CURA Healthcare_fa fa-bars' is clicked on

2566-08-25 15:10:54 - [MESSAGE][PASSED] - Object: 'Object Repository/Page_CURA Healthcare Service/i_CURA Healthcare_fa fa-bars' is clicked on

2566-08-25 15:10:54 - [TEST_STEP][PASSED] - click(findTestObject("Object Repository/Page_CURA Healthcare Service/a_Login")): Object: 'Object Repository/Page_CURA Healthcare Service/a_Login' is clicked on

2566-08-25 15:10:56 - [MESSAGE][PASSED] - Object: 'Object Repository/Page_CURA Healthcare Service/a_Login' is clicked on]]></system-out>
         <system-err><![CDATA[]]></system-err>
      </testcase>
      <system-out><![CDATA[2566-08-25 15:10:37 - [TEST_SUITE][PASSED] - Test Suite(run): Test Cases/TEST GIT]]></system-out>
      <system-err><![CDATA[]]></system-err>
   </testsuite>
</testsuites>
